<?xml version="1.0" encoding="UTF-8"?>
<testng-results skipped="0" failed="0" ignored="0" total="1" passed="1">
  <reporter-output>
  </reporter-output>
  <suite name="Default suite" duration-ms="26043" started-at="2020-02-10T16:30:32Z" finished-at="2020-02-10T16:30:58Z">
    <groups>
    </groups>
    <test name="Default test" duration-ms="26043" started-at="2020-02-10T16:30:32Z" finished-at="2020-02-10T16:30:58Z">
      <class name="highlightElement.HighlightElementDemo1">
        <test-method status="PASS" signature="preConditions()[pri:0, instance:highlightElement.HighlightElementDemo1@544fe44c]" name="preConditions" is-config="true" duration-ms="20504" started-at="2020-02-10T22:00:32Z" finished-at="2020-02-10T22:00:53Z">
          <reporter-output>
          </reporter-output>
        </test-method> <!-- preConditions -->
        <test-method status="PASS" signature="validateDripdown()[pri:1, instance:highlightElement.HighlightElementDemo1@544fe44c]" name="validateDripdown" duration-ms="5484" started-at="2020-02-10T22:00:53Z" finished-at="2020-02-10T22:00:58Z">
          <reporter-output>
          </reporter-output>
        </test-method> <!-- validateDripdown -->
      </class> <!-- highlightElement.HighlightElementDemo1 -->
    </test> <!-- Default test -->
  </suite> <!-- Default suite -->
</testng-results>
